<?xml version="1.0" encoding="UTF-8"?>
<testng-results ignored="0" total="2" passed="2" failed="0" skipped="0">
  <reporter-output>
  </reporter-output>
  <suite started-at="2023-08-01T15:38:50 CEST" name="Suite" finished-at="2023-08-01T15:38:59 CEST" duration-ms="8706">
    <groups>
      <group name="cucumber">
        <method signature="AbstractTestNGCucumberTests.runScenario(io.cucumber.testng.PickleWrapper,io.cucumber.testng.FeatureWrapper)[pri:0, instance:runners.MainRunner@ef9296d]" name="runScenario" class="io.cucumber.testng.AbstractTestNGCucumberTests"/>
      </group> <!-- cucumber -->
    </groups>
    <test started-at="2023-08-01T15:38:50 CEST" name="Test" finished-at="2023-08-01T15:38:59 CEST" duration-ms="8706">
      <class name="runners.MainRunner">
        <test-method is-config="true" signature="setUpClass(org.testng.ITestContext)[pri:0, instance:runners.MainRunner@ef9296d]" started-at="2023-08-01T15:38:50 CEST" name="setUpClass" finished-at="2023-08-01T15:38:50 CEST" duration-ms="500" status="PASS">
          <params>
            <param index="0">
              <value>
                <![CDATA[org.testng.TestRunner@77888435]]>
              </value>
            </param>
          </params>
          <reporter-output>
          </reporter-output>
        </test-method> <!-- setUpClass -->
        <test-method signature="runScenario(io.cucumber.testng.PickleWrapper,io.cucumber.testng.FeatureWrapper)[pri:0, instance:runners.MainRunner@ef9296d]" started-at="2023-08-01T15:38:50 CEST" name="runScenario" description="Runs Cucumber Scenarios" data-provider="scenarios" finished-at="2023-08-01T15:38:59 CEST" duration-ms="8122" status="PASS">
          <params>
            <param index="0">
              <value>
                <![CDATA["Validate Successful Submission - Unique Data"]]>
              </value>
            </param>
            <param index="1">
              <value>
                <![CDATA["Webdriver University - Contact Us Page"]]>
              </value>
            </param>
          </params>
          <reporter-output>
          </reporter-output>
        </test-method> <!-- runScenario -->
        <test-method signature="runScenario(io.cucumber.testng.PickleWrapper,io.cucumber.testng.FeatureWrapper)[pri:0, instance:runners.MainRunner@ef9296d]" started-at="2023-08-01T15:38:50 CEST" name="runScenario" description="Runs Cucumber Scenarios" data-provider="scenarios" finished-at="2023-08-01T15:38:58 CEST" duration-ms="7110" status="PASS">
          <params>
            <param index="0">
              <value>
                <![CDATA["Validate Successful Submission - Specific Data"]]>
              </value>
            </param>
            <param index="1">
              <value>
                <![CDATA["Webdriver University - Contact Us Page"]]>
              </value>
            </param>
          </params>
          <reporter-output>
          </reporter-output>
        </test-method> <!-- runScenario -->
        <test-method is-config="true" signature="tearDownClass()[pri:0, instance:runners.MainRunner@ef9296d]" started-at="2023-08-01T15:38:59 CEST" name="tearDownClass" finished-at="2023-08-01T15:38:59 CEST" duration-ms="52" status="PASS">
          <reporter-output>
          </reporter-output>
        </test-method> <!-- tearDownClass -->
      </class> <!-- runners.MainRunner -->
    </test> <!-- Test -->
  </suite> <!-- Suite -->
</testng-results>
